g++ -g -std=c++20  -Wall -I./include/  tests/tests.cpp build/json_creator.o build/pcap_reader.o -o build/mdp_tests -lpcap -DCURDIR=\"/home/prateek/Code/simba-market-data-parser\"
tests/tests.cpp: In member function ‘void tests::test_fixture::decode_order_execution_test()’:
tests/tests.cpp:163:5: error: no match for call to ‘(simba::ProtocolDecoder<tests::DecoderOutputFunctor, std::basic_ostream<char> >) (uint8_t [1024], int)’
  163 |   pd(buffer, 110);
      |   ~~^~~~~~~~~~~~~
In file included from ./include/protocol_decoder.h:45,
                 from tests/tests.cpp:4:
./include/protocol_decoder-tmpl.h:4:13: note: candidate: ‘void simba::ProtocolDecoder<OutputFunctor, LogStream>::operator()(std::basic_string_view<unsigned char>) [with OutputFunctor = tests::DecoderOutputFunctor; LogStream = std::basic_ostream<char>]’
    4 | inline void ProtocolDecoder<OutputFunctor, LogStream>::operator()(
      |             ^~~~~~~~~~~~~~~~~~~~~~~~~~~~~~~~~~~~~~~~~
./include/protocol_decoder-tmpl.h:4:13: note:   candidate expects 1 argument, 2 provided
tests/tests.cpp: In member function ‘void tests::test_fixture::decode_best_prices_test()’:
tests/tests.cpp:224:5: error: no match for call to ‘(simba::ProtocolDecoder<tests::DecoderOutputFunctor, std::basic_ostream<char> >) (uint8_t [111], int)’
  224 |   pd(buffer, 111);
      |   ~~^~~~~~~~~~~~~
In file included from ./include/protocol_decoder.h:45,
                 from tests/tests.cpp:4:
./include/protocol_decoder-tmpl.h:4:13: note: candidate: ‘void simba::ProtocolDecoder<OutputFunctor, LogStream>::operator()(std::basic_string_view<unsigned char>) [with OutputFunctor = tests::DecoderOutputFunctor; LogStream = std::basic_ostream<char>]’
    4 | inline void ProtocolDecoder<OutputFunctor, LogStream>::operator()(
      |             ^~~~~~~~~~~~~~~~~~~~~~~~~~~~~~~~~~~~~~~~~
./include/protocol_decoder-tmpl.h:4:13: note:   candidate expects 1 argument, 2 provided
tests/tests.cpp: In member function ‘void tests::test_fixture::decode_order_book_snapshot_test()’:
tests/tests.cpp:302:5: error: no match for call to ‘(simba::ProtocolDecoder<tests::DecoderOutputFunctor, std::basic_ostream<char> >) (uint8_t [157], int)’
  302 |   pd(buffer, 157);
      |   ~~^~~~~~~~~~~~~
In file included from ./include/protocol_decoder.h:45,
                 from tests/tests.cpp:4:
./include/protocol_decoder-tmpl.h:4:13: note: candidate: ‘void simba::ProtocolDecoder<OutputFunctor, LogStream>::operator()(std::basic_string_view<unsigned char>) [with OutputFunctor = tests::DecoderOutputFunctor; LogStream = std::basic_ostream<char>]’
    4 | inline void ProtocolDecoder<OutputFunctor, LogStream>::operator()(
      |             ^~~~~~~~~~~~~~~~~~~~~~~~~~~~~~~~~~~~~~~~~
./include/protocol_decoder-tmpl.h:4:13: note:   candidate expects 1 argument, 2 provided
tests/tests.cpp: In member function ‘void tests::test_fixture::packet_reader_1()’:
tests/tests.cpp:373:52: error: no matching function for call to ‘reader::PcapReader::PcapReader(std::remove_reference<tests::test_fixture::packet_reader_1()::<lambda(const uint8_t*, int)>&>::type, std::ostream&)’
  373 |   reader::PcapReader pcap_reader(std::move(cb), os_);
      |                                                    ^
In file included from tests/tests.cpp:3:
./include/pcap_reader.h:10:3: note: candidate: ‘reader::PcapReader::PcapReader(reader::PcapReader::DecoderCb&&, std::ostream&)’
   10 |   PcapReader(DecoderCb &&cb, std::ostream& log_os);
      |   ^~~~~~~~~~
./include/pcap_reader.h:10:26: note:   no known conversion for argument 1 from ‘std::remove_reference<tests::test_fixture::packet_reader_1()::<lambda(const uint8_t*, int)>&>::type’ {aka ‘tests::test_fixture::packet_reader_1()::<lambda(const uint8_t*, int)>’} to ‘reader::PcapReader::DecoderCb&&’ {aka ‘std::function<void(std::basic_string_view<unsigned char>)>&&’}
   10 |   PcapReader(DecoderCb &&cb, std::ostream& log_os);
      |              ~~~~~~~~~~~~^~
./include/pcap_reader.h:7:8: note: candidate: ‘reader::PcapReader::PcapReader(const reader::PcapReader&)’
    7 | struct PcapReader {
      |        ^~~~~~~~~~
./include/pcap_reader.h:7:8: note:   candidate expects 1 argument, 2 provided
./include/pcap_reader.h:7:8: note: candidate: ‘reader::PcapReader::PcapReader(reader::PcapReader&&)’
./include/pcap_reader.h:7:8: note:   candidate expects 1 argument, 2 provided
tests/tests.cpp: In member function ‘void tests::test_fixture::packet_reader_2()’:
tests/tests.cpp:390:52: error: no matching function for call to ‘reader::PcapReader::PcapReader(std::remove_reference<tests::test_fixture::packet_reader_2()::<lambda(const uint8_t*, int)>&>::type, std::ostream&)’
  390 |   reader::PcapReader pcap_reader(std::move(cb), os_);
      |                                                    ^
In file included from tests/tests.cpp:3:
./include/pcap_reader.h:10:3: note: candidate: ‘reader::PcapReader::PcapReader(reader::PcapReader::DecoderCb&&, std::ostream&)’
   10 |   PcapReader(DecoderCb &&cb, std::ostream& log_os);
      |   ^~~~~~~~~~
./include/pcap_reader.h:10:26: note:   no known conversion for argument 1 from ‘std::remove_reference<tests::test_fixture::packet_reader_2()::<lambda(const uint8_t*, int)>&>::type’ {aka ‘tests::test_fixture::packet_reader_2()::<lambda(const uint8_t*, int)>’} to ‘reader::PcapReader::DecoderCb&&’ {aka ‘std::function<void(std::basic_string_view<unsigned char>)>&&’}
   10 |   PcapReader(DecoderCb &&cb, std::ostream& log_os);
      |              ~~~~~~~~~~~~^~
./include/pcap_reader.h:7:8: note: candidate: ‘reader::PcapReader::PcapReader(const reader::PcapReader&)’
    7 | struct PcapReader {
      |        ^~~~~~~~~~
./include/pcap_reader.h:7:8: note:   candidate expects 1 argument, 2 provided
./include/pcap_reader.h:7:8: note: candidate: ‘reader::PcapReader::PcapReader(reader::PcapReader&&)’
./include/pcap_reader.h:7:8: note:   candidate expects 1 argument, 2 provided
tests/tests.cpp: In member function ‘void tests::test_fixture::packet_reader_3()’:
tests/tests.cpp:406:52: error: no matching function for call to ‘reader::PcapReader::PcapReader(std::remove_reference<tests::test_fixture::packet_reader_3()::<lambda(const uint8_t*, int)>&>::type, std::ostream&)’
  406 |   reader::PcapReader pcap_reader(std::move(cb), os_);
      |                                                    ^
In file included from tests/tests.cpp:3:
./include/pcap_reader.h:10:3: note: candidate: ‘reader::PcapReader::PcapReader(reader::PcapReader::DecoderCb&&, std::ostream&)’
   10 |   PcapReader(DecoderCb &&cb, std::ostream& log_os);
      |   ^~~~~~~~~~
./include/pcap_reader.h:10:26: note:   no known conversion for argument 1 from ‘std::remove_reference<tests::test_fixture::packet_reader_3()::<lambda(const uint8_t*, int)>&>::type’ {aka ‘tests::test_fixture::packet_reader_3()::<lambda(const uint8_t*, int)>’} to ‘reader::PcapReader::DecoderCb&&’ {aka ‘std::function<void(std::basic_string_view<unsigned char>)>&&’}
   10 |   PcapReader(DecoderCb &&cb, std::ostream& log_os);
      |              ~~~~~~~~~~~~^~
./include/pcap_reader.h:7:8: note: candidate: ‘reader::PcapReader::PcapReader(const reader::PcapReader&)’
    7 | struct PcapReader {
      |        ^~~~~~~~~~
./include/pcap_reader.h:7:8: note:   candidate expects 1 argument, 2 provided
./include/pcap_reader.h:7:8: note: candidate: ‘reader::PcapReader::PcapReader(reader::PcapReader&&)’
./include/pcap_reader.h:7:8: note:   candidate expects 1 argument, 2 provided
tests/tests.cpp: In member function ‘void tests::test_fixture::packet_reader_4()’:
tests/tests.cpp:421:52: error: no matching function for call to ‘reader::PcapReader::PcapReader(std::remove_reference<tests::test_fixture::packet_reader_4()::<lambda(const uint8_t*, int)>&>::type, std::ostream&)’
  421 |   reader::PcapReader pcap_reader(std::move(cb), os_);
      |                                                    ^
In file included from tests/tests.cpp:3:
./include/pcap_reader.h:10:3: note: candidate: ‘reader::PcapReader::PcapReader(reader::PcapReader::DecoderCb&&, std::ostream&)’
   10 |   PcapReader(DecoderCb &&cb, std::ostream& log_os);
      |   ^~~~~~~~~~
./include/pcap_reader.h:10:26: note:   no known conversion for argument 1 from ‘std::remove_reference<tests::test_fixture::packet_reader_4()::<lambda(const uint8_t*, int)>&>::type’ {aka ‘tests::test_fixture::packet_reader_4()::<lambda(const uint8_t*, int)>’} to ‘reader::PcapReader::DecoderCb&&’ {aka ‘std::function<void(std::basic_string_view<unsigned char>)>&&’}
   10 |   PcapReader(DecoderCb &&cb, std::ostream& log_os);
      |              ~~~~~~~~~~~~^~
./include/pcap_reader.h:7:8: note: candidate: ‘reader::PcapReader::PcapReader(const reader::PcapReader&)’
    7 | struct PcapReader {
      |        ^~~~~~~~~~
./include/pcap_reader.h:7:8: note:   candidate expects 1 argument, 2 provided
./include/pcap_reader.h:7:8: note: candidate: ‘reader::PcapReader::PcapReader(reader::PcapReader&&)’
./include/pcap_reader.h:7:8: note:   candidate expects 1 argument, 2 provided
tests/tests.cpp: In member function ‘void tests::test_fixture::packet_reader_5()’:
tests/tests.cpp:435:52: error: no matching function for call to ‘reader::PcapReader::PcapReader(std::remove_reference<tests::test_fixture::packet_reader_5()::<lambda(const uint8_t*, int)>&>::type, std::ostream&)’
  435 |   reader::PcapReader pcap_reader(std::move(cb), os_);
      |                                                    ^
In file included from tests/tests.cpp:3:
./include/pcap_reader.h:10:3: note: candidate: ‘reader::PcapReader::PcapReader(reader::PcapReader::DecoderCb&&, std::ostream&)’
   10 |   PcapReader(DecoderCb &&cb, std::ostream& log_os);
      |   ^~~~~~~~~~
./include/pcap_reader.h:10:26: note:   no known conversion for argument 1 from ‘std::remove_reference<tests::test_fixture::packet_reader_5()::<lambda(const uint8_t*, int)>&>::type’ {aka ‘tests::test_fixture::packet_reader_5()::<lambda(const uint8_t*, int)>’} to ‘reader::PcapReader::DecoderCb&&’ {aka ‘std::function<void(std::basic_string_view<unsigned char>)>&&’}
   10 |   PcapReader(DecoderCb &&cb, std::ostream& log_os);
      |              ~~~~~~~~~~~~^~
./include/pcap_reader.h:7:8: note: candidate: ‘reader::PcapReader::PcapReader(const reader::PcapReader&)’
    7 | struct PcapReader {
      |        ^~~~~~~~~~
./include/pcap_reader.h:7:8: note:   candidate expects 1 argument, 2 provided
./include/pcap_reader.h:7:8: note: candidate: ‘reader::PcapReader::PcapReader(reader::PcapReader&&)’
./include/pcap_reader.h:7:8: note:   candidate expects 1 argument, 2 provided
make: *** [Makefile:11: build/mdp_tests] Error 1
